app/build/outputs/mapping/debug/seeds.txt
org.mark.moonmeet.components.EditTextBoldCursor: void setHeaderHintColor(int)
org.mark.moonmeet.IntroActivity
org.mark.moonmeet.components.EditTextBoldCursor: void setAllowDrawCursor(boolean)
org.mark.moonmeet.ViewShopActivity: ViewShopActivity()
org.mark.moonmeet.components.ActionBarPopupWindow$ActionBarPopupWindowLayout: void setBackScaleY(float)
org.mark.moonmeet.components.EditTextBoldCursor: android.text.Layout getHintLayoutEx()
org.mark.moonmeet.components.EditTextBoldCursor: int getExtendedPaddingBottom()
org.mark.moonmeet.ImagePickerActivity: void _removeView(android.view.View)
org.mark.moonmeet.ChatActivity: ChatActivity()
org.mark.moonmeet.TermsandprivacyActivity: TermsandprivacyActivity()
org.mark.moonmeet.components.ActionBarPopupWindow$ActionBarPopupWindowLayout: void setupRadialSelectors(int)
org.mark.moonmeet.components.ActionBarPopupWindow$ActionBarPopupWindowLayout: void setBackgroundColor(int)
org.mark.moonmeet.ui.DrawerLayoutContainer: void setAllowOpenDrawerBySwipe(boolean)
org.mark.moonmeet.ui.DrawerLayoutContainer: android.view.View getDrawerLayout()
org.mark.moonmeet.components.ActionBarPopupWindow$ActionBarPopupWindowLayout: void setBackScaleX(float)
org.mark.moonmeet.components.EditTextBoldCursor: int getAutofillType()
org.mark.moonmeet.components.ActionBarPopupWindow$ActionBarPopupWindowLayout: float getBackScaleX()
org.mark.moonmeet.FaqInfoActivity: FaqInfoActivity()
org.mark.moonmeet.ui.ActionBar: int getCurrentActionBarHeight()
org.mark.moonmeet.components.EditTextBoldCursor: void setCursorSize(int)
org.mark.moonmeet.StoryActivity: StoryActivity()
org.mark.moonmeet.PrivacySettingsActivity
org.mark.moonmeet.StoryActivity
org.mark.moonmeet.AnnouncementPostActivity: AnnouncementPostActivity()
org.mark.moonmeet.components.EditTextBoldCursor: int getExtendedPaddingTop()
org.mark.moonmeet.DevicesActivity
org.mark.moonmeet.ShopActivity: ShopActivity()
org.mark.moonmeet.CameraPreviewActivity
org.mark.moonmeet.components.EditTextBoldCursor: void setHeaderAnimationProgress(float)
org.mark.moonmeet.IntroActivity: IntroActivity()
org.mark.moonmeet.EditNameActivity: EditNameActivity()
org.mark.moonmeet.ui.DrawerLayoutContainer: void setDrawCurrentPreviewFragmentAbove(boolean)
org.mark.moonmeet.PasscodeSetupActivity: PasscodeSetupActivity()
org.mark.moonmeet.PhotoviewerActivity: PhotoviewerActivity()
org.mark.moonmeet.LaunchActivity
org.mark.moonmeet.SetupActivity
org.mark.moonmeet.ui.DrawerLayoutContainer: void setParentActionBarLayout(org.mark.moonmeet.ui.ActionBarLayout)
org.mark.moonmeet.PhotoviewerActivity
org.mark.moonmeet.SignoutActivity: SignoutActivity()
org.mark.moonmeet.components.ActionBarPopupWindow$ActionBarPopupWindowLayout: android.graphics.drawable.Drawable getBackgroundDrawable()
org.mark.moonmeet.LaunchActivity: LaunchActivity()
org.mark.moonmeet.SetupActivity: SetupActivity()
org.mark.moonmeet.PrivacySettingsActivity: PrivacySettingsActivity()
org.mark.moonmeet.OtpActivity
org.mark.moonmeet.ui.DrawerLayoutContainer: void setScrimOpacity(float)
org.mark.moonmeet.components.EditTextBoldCursor: void setNextSetTextAnimated(boolean)
org.mark.moonmeet.ShopActivity
org.mark.moonmeet.components.EditTextBoldCursor: void setHintVisible(boolean)
org.mark.moonmeet.EditNameActivity
org.mark.moonmeet.PasscodeSetupActivity
org.mark.moonmeet.ui.DrawerLayoutContainer: void setBehindKeyboardColor(int)
org.mark.moonmeet.NewstoryActivity
org.mark.moonmeet.ChangebioActivity
org.mark.moonmeet.components.ActionBarPopupWindow$ActionBarPopupWindowLayout
org.mark.moonmeet.ChangeusernameActivity: ChangeusernameActivity()
org.mark.moonmeet.AnnouncementPostActivity
org.mark.moonmeet.SearchActivity
org.mark.moonmeet.SettingsActivity: SettingsActivity()
org.mark.moonmeet.SignoutActivity
org.mark.moonmeet.components.ActionBarPopupWindow$ActionBarPopupWindowLayout: void setDispatchKeyEventListener(org.mark.moonmeet.components.ActionBarPopupWindow$OnDispatchKeyEventListener)
...
com.google.android.gms.common.server.response.FastJsonResponse: void setStringMapInternal(com.google.android.gms.common.server.response.FastJsonResponse$Field,java.lang.String,java.util.Map)
androidx.appcompat.widget.AppCompatButton: void setAutoSizeTextTypeWithDefaults(int)
com.google.android.gms.internal.firebase_auth.zzja: java.lang.Object zzb
com.google.android.gms.common.data.DataBufferRef: int mDataRow
com.google.android.material.appbar.AppBarLayout: int getUpNestedPreScrollRange()
com.google.android.gms.common.internal.BaseGmsClient: void zza(int,android.os.Bundle,int)
com.google.android.gms.internal.firebase_auth.zzp$zzm: com.google.android.gms.internal.firebase_auth.zzig zzi
com.google.android.gms.internal.firebase_auth.zzp$zzv: int zzc
com.google.android.gms.common.internal.Preconditions: int checkNotZero(int)
com.google.android.material.behavior.HideBottomViewOnScrollBehavior
com.google.android.gms.common.api.internal.zabo: com.google.android.gms.common.api.internal.GoogleApiManager$zab zajk
com.google.android.gms.internal.firebase_auth.zzkq: void zzb(com.google.android.gms.internal.firebase_auth.zzlk)
com.google.android.gms.internal.firebase_auth.zzhi: void zza(int,float)
com.google.android.gms.common.internal.DialogRedirect: com.google.android.gms.common.internal.DialogRedirect getInstance(com.google.android.gms.common.api.internal.LifecycleFragment,android.content.Intent,int)
com.google.android.gms.common.api.internal.zaak: void zaaq()
com.google.android.gms.common.GooglePlayServicesUtilLight: int isGooglePlayServicesAvailable(android.content.Context,int)
com.google.gson.JsonStreamParser: JsonStreamParser(java.io.Reader)
com.google.android.gms.internal.firebase_auth.zzco
com.google.android.material.imageview.ShapeableImageView: void setStrokeColor(android.content.res.ColorStateList)
com.google.gson.internal.$Gson$Types$WildcardTypeImpl: boolean equals(java.lang.Object)
com.google.android.gms.common.api.OptionalPendingResult
androidx.appcompat.widget.AppCompatEditText: void setSupportBackgroundTintMode(android.graphics.PorterDuff$Mode)
androidx.appcompat.widget.AppCompatTextView: int getAutoSizeStepGranularity()
com.google.android.gms.common.api.internal.zaaw: zaaw(android.content.Context,java.util.concurrent.locks.Lock,android.os.Looper,com.google.android.gms.common.internal.ClientSettings,com.google.android.gms.common.GoogleApiAvailability,com.google.android.gms.common.api.Api$AbstractClientBuilder,java.util.Map,java.util.List,java.util.List,java.util.Map,int,int,java.util.ArrayList,boolean)
com.google.android.gms.signin.internal.SignInClientImpl: android.os.Bundle createBundleFromClientSettings(com.google.android.gms.common.internal.ClientSettings)
com.google.android.gms.internal.firebase_auth.zzp$zza$zza: com.google.android.gms.internal.firebase_auth.zzp$zza$zza zzc(java.lang.String)
com.google.gson.internal.bind.CollectionTypeAdapterFactory
com.google.android.gms.common.api.internal.zabe: java.util.concurrent.locks.Lock zaer
com.google.android.gms.internal.firebase_auth.zzku: void remove()
com.google.android.gms.common.internal.Preconditions: java.lang.Object checkNotNull(java.lang.Object,java.lang.Object)
com.google.android.gms.internal.firebase_auth.zzs
com.google.android.gms.internal.firebase_auth.zzp$zzu$zza: zzp$zzu$zza()
com.google.android.gms.actions.ReserveIntents: ReserveIntents()
com.google.gson.reflect.TypeToken: com.google.gson.reflect.TypeToken get(java.lang.Class)
com.google.android.gms.dynamite.zzl
com.google.android.gms.auth.api.signin.GoogleSignInOptions$Builder: java.lang.String zaae
com.google.android.gms.internal.firebase_auth.zzek: com.google.android.gms.internal.firebase_auth.zzek[] zzd
com.google.gson.JsonArray: int size()
com.google.gson.internal.LinkedHashTreeMap$1: int compare(java.lang.Comparable,java.lang.Comparable)
com.google.android.gms.tasks.zzx: java.util.Collection zzae
com.google.android.gms.common.R$string