app/build/outputs/mapping/debug/mapping.txt
# compiler: R8
# compiler_version: 2.1.86
# min_api: 25
# pg_map_id: 338635a
# common_typos_disable
org.mark.moonmeet.-$$Lambda$ChatActivity$8mKI9TmjBS9zbHSQey161c75PZg -> org.mark.moonmeet.a:
    org.mark.moonmeet.ChatActivity f$0 -> c
org.mark.moonmeet.-$$Lambda$ChatActivity$izF5hwhJLjpEFdq1vRd149cDtmM -> org.mark.moonmeet.b:
    org.mark.moonmeet.ChatActivity f$0 -> c
org.mark.moonmeet.-$$Lambda$ChatActivity$vFgetk4uF6ZP_8-G30QAHdBGvO4 -> org.mark.moonmeet.c:
    org.mark.moonmeet.ChatActivity f$0 -> c
org.mark.moonmeet.-$$Lambda$NewstoryActivity$16fPgV6JRwGTFrHgQNpBY5A3SDU -> org.mark.moonmeet.d:
    org.mark.moonmeet.NewstoryActivity f$0 -> c
org.mark.moonmeet.-$$Lambda$NewstoryActivity$3$Ptgl9qXmD8s_aWzzQ2OOhFSQero -> org.mark.moonmeet.e:
    org.mark.moonmeet.NewstoryActivity$3 f$0 -> c
org.mark.moonmeet.-$$Lambda$NewstoryActivity$4$AGMyR5gn6x6quQOcy86EOw0VIHs -> org.mark.moonmeet.f:
    org.mark.moonmeet.NewstoryActivity$4 f$0 -> c
org.mark.moonmeet.-$$Lambda$NewstoryActivity$ovnPZSpQtp6JUu5nmD2Tfq7Jb6w -> org.mark.moonmeet.g:
    org.mark.moonmeet.NewstoryActivity f$0 -> c
org.mark.moonmeet.-$$Lambda$OtpActivity$0piTyHVMiOHVU5ZTuEgL179NzEc -> org.mark.moonmeet.h:
    org.mark.moonmeet.-$$Lambda$OtpActivity$0piTyHVMiOHVU5ZTuEgL179NzEc INSTANCE -> a
org.mark.moonmeet.-$$Lambda$OtpActivity$10$1$RFnGwj9VdUA3TOK4WVMFCfuKM60 -> org.mark.moonmeet.i:
    org.mark.moonmeet.OtpActivity$10$1 f$0 -> c
org.mark.moonmeet.-$$Lambda$OtpActivity$10$y2t9iwQaUMraBnrEh3Tb4a9sSqI -> org.mark.moonmeet.j:
    org.mark.moonmeet.-$$Lambda$OtpActivity$10$y2t9iwQaUMraBnrEh3Tb4a9sSqI INSTANCE -> c
org.mark.moonmeet.-$$Lambda$OtpActivity$16$1$W62uHER3ehMwE0cD6bmnreCdaiA -> org.mark.moonmeet.k:
    org.mark.moonmeet.OtpActivity$16$1 f$0 -> c
org.mark.moonmeet.-$$Lambda$OtpActivity$638frZvJTcpTvr7-hQOUDDEbzdc -> org.mark.moonmeet.l:
    org.mark.moonmeet.-$$Lambda$OtpActivity$638frZvJTcpTvr7-hQOUDDEbzdc INSTANCE -> a
org.mark.moonmeet.-$$Lambda$OtpActivity$7b1x-YbgdJcyLeVFVKRaRM7vJOY -> org.mark.moonmeet.m:
    org.mark.moonmeet.OtpActivity f$0 -> a
org.mark.moonmeet.-$$Lambda$OtpActivity$C_rCk3w8KeW7ictz9Benqbpl89s -> org.mark.moonmeet.n:
    org.mark.moonmeet.OtpActivity f$0 -> a
org.mark.moonmeet.-$$Lambda$OtpActivity$GNTvyn6e4uz_xIseZPrGlrgulgw -> org.mark.moonmeet.o:
    org.mark.moonmeet.-$$Lambda$OtpActivity$GNTvyn6e4uz_xIseZPrGlrgulgw INSTANCE -> a
org.mark.moonmeet.-$$Lambda$OtpActivity$OVCSNWD_ZufU83HXN8aW3_oE7gA -> org.mark.moonmeet.p:
    org.mark.moonmeet.OtpActivity f$0 -> c
org.mark.moonmeet.-$$Lambda$OtpActivity$SvY7rwL3k4Jw9RcIMSbJYof66eU -> org.mark.moonmeet.q:
    org.mark.moonmeet.-$$Lambda$OtpActivity$SvY7rwL3k4Jw9RcIMSbJYof66eU INSTANCE -> c
org.mark.moonmeet.-$$Lambda$OtpActivity$UCe2GsrKiUX6yCs_Yb12zvS4cC4 -> org.mark.moonmeet.r:
    org.mark.moonmeet.OtpActivity f$0 -> a
org.mark.moonmeet.-$$Lambda$OtpActivity$VJRPTYBVyvaWcOOcWk86k4hfjJs -> org.mark.moonmeet.s:
    org.mark.moonmeet.-$$Lambda$OtpActivity$VJRPTYBVyvaWcOOcWk86k4hfjJs INSTANCE -> a
org.mark.moonmeet.-$$Lambda$OtpActivity$WGDkwiCxPVSpJBwamRoWEG2lfw4 -> org.mark.moonmeet.t:
    org.mark.moonmeet.-$$Lambda$OtpActivity$WGDkwiCxPVSpJBwamRoWEG2lfw4 INSTANCE -> a
org.mark.moonmeet.-$$Lambda$OtpActivity$XsfbGj9c2Dv9dWi6dCyvbwaYLo8 -> org.mark.moonmeet.u:
    org.mark.moonmeet.OtpActivity f$0 -> a
org.mark.moonmeet.-$$Lambda$OtpActivity$YlWethBrnNaA5dzH7l0MuS9HjCc -> org.mark.moonmeet.v:
    org.mark.moonmeet.-$$Lambda$OtpActivity$YlWethBrnNaA5dzH7l0MuS9HjCc INSTANCE -> a
org.mark.moonmeet.-$$Lambda$OtpActivity$b26tHjtBmCVpxpLZO7974_JAmUU -> org.mark.moonmeet.w:
    org.mark.moonmeet.-$$Lambda$OtpActivity$b26tHjtBmCVpxpLZO7974_JAmUU INSTANCE -> a
org.mark.moonmeet.-$$Lambda$OtpActivity$bILOyLb1r28wtNB-qV5A6rdSTlI -> org.mark.moonmeet.x:
    org.mark.moonmeet.-$$Lambda$OtpActivity$bILOyLb1r28wtNB-qV5A6rdSTlI INSTANCE -> a
org.mark.moonmeet.-$$Lambda$OtpActivity$h0HRwvRdE7JD_QtW1m-Eow_1p7w -> org.mark.moonmeet.y:
    org.mark.moonmeet.OtpActivity f$0 -> c
...
androidx.transition.TransitionUtils -> vf:
    boolean HAS_IS_ATTACHED_TO_WINDOW -> a
    boolean HAS_OVERLAY -> b
    boolean HAS_PICTURE_BITMAP -> c
    35:39:void <clinit>() -> <clinit>
    51:72:android.view.View copyViewImage(android.view.ViewGroup,android.view.View,android.view.View) -> a
    93:140:android.graphics.Bitmap createViewBitmap(android.view.View,android.graphics.Matrix,android.graphics.RectF,android.view.ViewGroup) -> b
    144:151:android.animation.Animator mergeAnimators(android.animation.Animator,android.animation.Animator) -> c
androidx.transition.TransitionValues -> wf:
    java.util.Map values -> a
    android.view.View view -> b
    java.util.ArrayList mTargetedTransitions -> c
    52:70:void <init>(android.view.View) -> <init>
    74:81:boolean equals(java.lang.Object) -> equals
    86:86:int hashCode() -> hashCode
    91:97:java.lang.String toString() -> toString
androidx.transition.TransitionValuesMaps -> xf:
    android.util.SparseArray mIdValues -> b
    androidx.collection.ArrayMap mNameValues -> d
    androidx.collection.ArrayMap mViewValues -> a
    androidx.collection.LongSparseArray mItemIdValues -> c
    25:33:void <init>() -> <init>
androidx.transition.ViewGroupOverlayApi14 -> yf:
    28:29:void <init>(android.content.Context,android.view.ViewGroup,android.view.View) -> <init>
    37:38:void add(android.view.View) -> a
    42:43:void remove(android.view.View) -> c
    32:32:androidx.transition.ViewGroupOverlayApi14 createFrom(android.view.ViewGroup) -> g
androidx.transition.ViewGroupOverlayApi18 -> zf:
    android.view.ViewGroupOverlay mViewGroupOverlay -> a
    32:34:void <init>(android.view.ViewGroup) -> <init>
    48:49:void add(android.view.View) -> a
    38:39:void add(android.graphics.drawable.Drawable) -> b
    53:54:void remove(android.view.View) -> c
    43:44:void remove(android.graphics.drawable.Drawable) -> d
androidx.transition.ViewGroupOverlayImpl -> ag:
    void add(android.view.View) -> a
    void remove(android.view.View) -> c
androidx.transition.ViewGroupUtils -> bg:
    boolean sTryHiddenSuppressLayout -> a
    37:37:void <clinit>() -> <clinit>
    46:49:androidx.transition.ViewGroupOverlayImpl getOverlay(android.view.ViewGroup) -> a
    68:77:void hiddenSuppressLayout(android.view.ViewGroup,boolean) -> b
    56:63:void suppressLayout(android.view.ViewGroup,boolean) -> c
androidx.transition.ViewGroupUtilsApi14 -> dg:
    boolean sCancelMethodFetched -> e
    java.lang.reflect.Method sCancelMethod -> d
    java.lang.reflect.Field sLayoutSuppressedField -> b
    android.animation.LayoutTransition sEmptyLayoutTransition -> a
    boolean sLayoutSuppressedFieldFetched -> c
    109:127:void cancelLayoutTransition(android.animation.LayoutTransition) -> a
    45:106:void suppressLayout(android.view.ViewGroup,boolean) -> b
androidx.transition.ViewGroupUtilsApi14$1 -> cg:
    46:46:void <init>() -> <init>
    49:49:boolean isChangingLayout() -> isChangingLayout
androidx.transition.ViewOverlayApi14 -> fg:
    androidx.transition.ViewOverlayApi14$OverlayViewGroup mOverlayViewGroup -> a
    47:49:void <init>(android.content.Context,android.view.ViewGroup,android.view.View) -> <init>
    81:82:void add(android.graphics.drawable.Drawable) -> b
    86:87:void remove(android.graphics.drawable.Drawable) -> d
    65:76:androidx.transition.ViewOverlayApi14 createFrom(android.view.View) -> e
    52:61:android.view.ViewGroup getContentView(android.view.View) -> f