app/build/outputs/mapping/debug/usage.txt
org.mark.moonmeet.components.RecyclerListView$FoucsableOnTouchListener
org.mark.moonmeet.R$styleable
org.mark.moonmeet.StoryActivity:
    public void _UpdateStatus()
    public void showMessage(java.lang.String)
    public int getLocationX(android.view.View)
    public int getLocationY(android.view.View)
    public int getRandom(int,int)
    public java.util.ArrayList getCheckedItemPositionsToArray(android.widget.ListView)
    public float getDip(int)
    public int getDisplayWidthPixels()
    public int getDisplayHeightPixels()
org.mark.moonmeet.ui.ActionBarMenuItem$ActionBarMenuItemDelegate
org.mark.moonmeet.components.EditTextBoldCursor$FileLog:
    public void <init>()
    public static void e(java.lang.Throwable)
org.mark.moonmeet.components.RecyclerListView$3
org.mark.moonmeet.MoonMeetApplication:
    public void <init>()
    private java.lang.String getStackTrace(java.lang.Throwable)
    private synthetic void lambda$onCreate$0(java.lang.Thread,java.lang.Throwable)
    public void onCreate()
    private java.lang.Thread$UncaughtExceptionHandler uncaughtExceptionHandler
org.mark.moonmeet.ui.ActionBarMenuItem$SearchFilterView
org.mark.moonmeet.DebugActivity$1
org.mark.moonmeet.DiscoverActivity:
    public void _RippleEffects(java.lang.String,android.view.View)
    public void _UpdateStatus()
    public void showMessage(java.lang.String)
    public int getLocationX(android.view.View)
    public int getLocationY(android.view.View)
    public int getRandom(int,int)
    public java.util.ArrayList getCheckedItemPositionsToArray(android.widget.ListView)
    public float getDip(int)
    public int getDisplayWidthPixels()
    public int getDisplayHeightPixels()
org.mark.moonmeet.ui.BottomSheet$1
org.mark.moonmeet.ui.ActionBarMenuSubItem
org.mark.moonmeet.components.CombinedDrawable
org.mark.moonmeet.components.RecyclerListView$FastScrollAdapter
org.mark.moonmeet.utils.MoonMeetItemAnimator:
    private static final boolean DEBUG
org.mark.moonmeet.messenger.FileLog:
    public void <init>()
    public static void e(java.lang.StackTraceElement)
    public static void d(java.lang.StackTraceElement)
    public static void d(java.lang.String)
    public static void e(java.lang.String)
    public static void e(java.lang.Throwable)
org.mark.moonmeet.ui.AdjustPanLayoutHelper
org.mark.moonmeet.BluetoothController$AcceptThread
org.mark.moonmeet.ui.BottomSheet$LocaleController
org.mark.moonmeet.ui.ActionBarMenuItem$1
org.mark.moonmeet.ui.BottomSheet$BottomSheetDelegateInterface
org.mark.moonmeet.R$string
org.mark.moonmeet.DebugActivity
org.mark.moonmeet.ui.ActionBarLayout$8
org.mark.moonmeet.ui.BaseFragment
org.mark.moonmeet.components.RecyclerListView$4
org.mark.moonmeet.MainActivity:
    public void showMessage(java.lang.String)
    public int getLocationX(android.view.View)
    public int getLocationY(android.view.View)
    public int getRandom(int,int)
    public java.util.ArrayList getCheckedItemPositionsToArray(android.widget.ListView)
    public float getDip(int)
    public int getDisplayWidthPixels()
    public int getDisplayHeightPixels()
org.mark.moonmeet.emoji.UI$2
...
android.recyclerview.widget.AsyncListDiffer$ListListener
com.google.firebase.auth.api.internal.zzv
androidx.recyclerview.widget.RecyclerView$Recycler:
    public void bindViewToPosition(android.view.View,int)
    static final int DEFAULT_CACHE_SIZE
android.recyclerview.widget.RecyclerView$2
com.bumptech.glide.provider.EncoderRegistry:
    public synchronized void prepend(java.lang.Class,com.bumptech.glide.load.Encoder)
com.bumptech.glide.load.engine.bitmap_recycle.LruBitmapPool:
    public void <init>(long,java.util.Set)
    public long hitCount()
    public long missCount()
    public long evictionCount()
    public long getCurrentSize()
    public synchronized void setSizeMultiplier(float)
    private static final java.lang.String TAG
com.bumptech.glide.load.engine.bitmap_recycle.IntegerArrayAdapter:
    private static final java.lang.String TAG
kotlin.text.CharCategory
kotlin.text.RegexKt
okhttp3.Response$Builder:
    public okhttp3.Response$Builder header(java.lang.String,java.lang.String)
    public okhttp3.Response$Builder removeHeader(java.lang.String)
kotlin.jvm.functions.Function19
com.google.android.material.transition.platform.MaterialContainerTransform$ProgressThresholds
com.google.android.material.circularreveal.CircularRevealFrameLayout:
    public void <init>(android.content.Context)
    public void <init>(android.content.Context,android.util.AttributeSet)
    public void buildCircularRevealCache()
    public void destroyCircularRevealCache()
    public com.google.android.material.circularreveal.CircularRevealWidget$RevealInfo getRevealInfo()
    public void setRevealInfo(com.google.android.material.circularreveal.CircularRevealWidget$RevealInfo)
    public int getCircularRevealScrimColor()
    public void setCircularRevealScrimColor(int)
    public android.graphics.drawable.Drawable getCircularRevealOverlayDrawable()
    public void setCircularRevealOverlayDrawable(android.graphics.drawable.Drawable)
    public void draw(android.graphics.Canvas)
    public void actualDraw(android.graphics.Canvas)
    public boolean isOpaque()
    public boolean actualIsOpaque()
    private final com.google.android.material.circularreveal.CircularRevealHelper helper
kotlin.collections.builders.MapBuilderEntries
com.google.firebase.auth.EmailAuthCredential:
    void <init>(java.lang.String,java.lang.String)
    public static boolean zza(java.lang.String)
    public final java.lang.String zze()
    public final boolean zzf()
android.recyclerview.widget.FastScroller$AnimatorListener
androidx.transition.R
okio.RealBufferedSource:
    public okio.ByteString readByteString()
    public int select(okio.Options)
    public byte[] readByteArray()
    public int read(byte[])
    public int read(byte[],int,int)
    public void readFully(okio.Buffer,long)
    public long readAll(okio.Sink)
    public java.lang.String readUtf8()
    public java.lang.String readUtf8(long)
    public java.lang.String readString(long,java.nio.charset.Charset)
    public java.lang.String readUtf8Line()
    public int readUtf8CodePoint()
    public long readLong()
    public long readLongLe()
    public long readDecimalLong()
    public long indexOf(byte,long)
    public long indexOf(okio.ByteString)
    public long indexOf(okio.ByteString,long)
    public long indexOfElement(okio.ByteString)
    public long indexOfElement(okio.ByteString,long)
    public java.io.InputStream inputStream()
androidx.multidex.MultiDexExtractor$1
com.google.firebase.auth.api.internal.zzd
com.google.firebase.database.MutableData$2$1
com.google.firebase.auth.api.internal.zzu
androidx.constraintlayout.solver.widgets.WidgetContainer:
    public void <init>(int,int,int,int)
    public void <init>(int,int)
    public varargs void add(androidx.constraintlayout.solver.widgets.ConstraintWidget[])
    public java.util.ArrayList getChildren()
    public androidx.constraintlayout.solver.widgets.ConstraintWidgetContainer getRootConstraintContainer()
    public void setOffset(int,int)